<?xml version="1.0" encoding="UTF-8"?>
<!-- Generated by org.testng.reporters.JUnitXMLReporter -->
<testsuite hostname="LAPTOP-KV3J24MC" ignored="0" name="Test" tests="4" failures="0" timestamp="25 Apr 2019 22:35:55 GMT" time="0.174" errors="0">
  <testcase name="Selenium" time="0.03" classname="QAclickacademy.SeleniumTest"/>
  <testcase name="Seleniumtest" time="0.001" classname="QAclickacademy.SeleniumTest"/>
  <testcase name="API" time="0.002" classname="QAclickacademy.RESTAPITest"/>
  <testcase name="APItest" time="0.0" classname="QAclickacademy.RESTAPITest"/>
</testsuite> <!-- Test -->
